<?xml version="1.0" ?>
<testsuite name="TestJSONLoaderMethods-20221102200245" tests="3" time="0.000" failures="0" errors="0">
	<testcase classname="TestJSONLoaderMethods" name="test_id" time="0.000"/>
	<testcase classname="TestJSONLoaderMethods" name="test_rank" time="0.000"/>
	<testcase classname="TestJSONLoaderMethods" name="test_title" time="0.000"/>
	<system-out><![CDATA[]]></system-out>
	<system-err><![CDATA[]]></system-err>
</testsuite>
